SF:lib/config.dart
DA:1,3
LF:1
LH:1
end_of_record
SF:lib/bmi_controller.dart
DA:6,2
DA:8,1
DA:9,2
DA:11,1
DA:12,3
DA:13,1
DA:14,3
DA:15,1
DA:16,3
DA:17,1
DA:18,3
DA:20,3
DA:23,1
LF:13
LH:13
end_of_record
SF:lib/main.dart
DA:9,0
DA:10,0
DA:12,0
DA:13,0
DA:19,2
DA:21,1
DA:23,1
DA:26,1
DA:27,1
DA:31,1
DA:32,2
DA:33,0
LF:12
LH:7
end_of_record
SF:lib/firebase_options.dart
DA:18,0
DA:20,0
DA:25,0
DA:26,0
DA:28,0
DA:29,0
DA:33,0
DA:34,0
DA:38,0
DA:39,0
DA:43,0
DA:44,0
DA:49,0
LF:13
LH:0
end_of_record
SF:lib/pages/insert_data.dart
DA:6,1
DA:13,1
DA:15,1
DA:16,1
DA:19,1
DA:21,1
DA:22,1
DA:23,1
DA:24,1
DA:25,1
DA:26,1
DA:28,1
DA:29,1
DA:41,1
DA:42,1
DA:44,1
DA:45,1
DA:57,1
DA:58,1
DA:59,3
LF:20
LH:20
end_of_record
SF:lib/pages/result_imc.dart
DA:6,1
DA:8,0
DA:10,0
DA:11,0
DA:14,0
DA:15,0
DA:16,0
LF:7
LH:1
end_of_record
